<?xml version="1.0" encoding="UTF-8"?>
<testng-results ignored="0" total="1" passed="1" failed="0" skipped="0">
  <reporter-output>
  </reporter-output>
  <suite started-at="2025-06-29T21:10:37 IST" name="Default suite" finished-at="2025-06-29T21:10:43 IST" duration-ms="6230">
    <groups>
    </groups>
    <test started-at="2025-06-29T21:10:37 IST" name="Default test" finished-at="2025-06-29T21:10:43 IST" duration-ms="6230">
      <class name="api.testcases.authentication">
        <test-method signature="bearerAuthentications()[pri:0, instance:api.testcases.authentication@6e20b53a]" started-at="2025-06-29T21:10:37 IST" name="bearerAuthentications" finished-at="2025-06-29T21:10:43 IST" duration-ms="6100" status="PASS">
          <reporter-output>
          </reporter-output>
        </test-method> <!-- bearerAuthentications -->
      </class> <!-- api.testcases.authentication -->
    </test> <!-- Default test -->
  </suite> <!-- Default suite -->
</testng-results>
